This is pdfTeX, Version 3.141592653-2.6-1.40.25 (TeX Live 2023) (preloaded format=pdflatex 2023.10.18)  10 NOV 2024 14:59
entering extended mode
 restricted \write18 enabled.
 %&-line parsing enabled.
**main.tex
(./main.tex
LaTeX2e <2023-06-01> patch level 1
L3 programming layer <2023-10-10>
(/Users/olivia/Library/TinyTeX/texmf-dist/tex/latex/base/article.cls
Document Class: article 2023/05/17 v1.4n Standard LaTeX document class
(/Users/olivia/Library/TinyTeX/texmf-dist/tex/latex/base/size10.clo
File: size10.clo 2023/05/17 v1.4n Standard LaTeX file (size option)
)
\c@part=\count185
\c@section=\count186
\c@subsection=\count187
\c@subsubsection=\count188
\c@paragraph=\count189
\c@subparagraph=\count190
\c@figure=\count191
\c@table=\count192
\abovecaptionskip=\skip48
\belowcaptionskip=\skip49
\bibindent=\dimen140
) (/Users/olivia/Library/TinyTeX/texmf-dist/tex/latex/geometry/geometry.sty
Package: geometry 2020/01/02 v5.9 Page Geometry
 (/Users/olivia/Library/TinyTeX/texmf-dist/tex/latex/graphics/keyval.sty
Package: keyval 2022/05/29 v1.15 key=value parser (DPC)
\KV@toks@=\toks17
) (/Users/olivia/Library/TinyTeX/texmf-dist/tex/generic/iftex/ifvtex.sty
Package: ifvtex 2019/10/25 v1.7 ifvtex legacy package. Use iftex instead.
 (/Users/olivia/Library/TinyTeX/texmf-dist/tex/generic/iftex/iftex.sty
Package: iftex 2022/02/03 v1.0f TeX engine tests
))
\Gm@cnth=\count193
\Gm@cntv=\count194
\c@Gm@tempcnt=\count195
\Gm@bindingoffset=\dimen141
\Gm@wd@mp=\dimen142
\Gm@odd@mp=\dimen143
\Gm@even@mp=\dimen144
\Gm@layoutwidth=\dimen145
\Gm@layoutheight=\dimen146
\Gm@layouthoffset=\dimen147
\Gm@layoutvoffset=\dimen148
\Gm@dimlist=\toks18
) (/Users/olivia/Library/TinyTeX/texmf-dist/tex/latex/graphics/graphicx.sty
Package: graphicx 2021/09/16 v1.2d Enhanced LaTeX Graphics (DPC,SPQR)
 (/Users/olivia/Library/TinyTeX/texmf-dist/tex/latex/graphics/graphics.sty
Package: graphics 2022/03/10 v1.4e Standard LaTeX Graphics (DPC,SPQR)
 (/Users/olivia/Library/TinyTeX/texmf-dist/tex/latex/graphics/trig.sty
Package: trig 2021/08/11 v1.11 sin cos tan (DPC)
) (/Users/olivia/Library/TinyTeX/texmf-dist/tex/latex/graphics-cfg/graphics.cfg
File: graphics.cfg 2016/06/04 v1.11 sample graphics configuration
)
Package graphics Info: Driver file: pdftex.def on input line 107.
 (/Users/olivia/Library/TinyTeX/texmf-dist/tex/latex/graphics-def/pdftex.def
File: pdftex.def 2022/09/22 v1.2b Graphics/color driver for pdftex
))
\Gin@req@height=\dimen149
\Gin@req@width=\dimen150
) (/Users/olivia/Library/TinyTeX/texmf-dist/tex/latex/booktabs/booktabs.sty
Package: booktabs 2020/01/12 v1.61803398 Publication quality tables
\heavyrulewidth=\dimen151
\lightrulewidth=\dimen152
\cmidrulewidth=\dimen153
\belowrulesep=\dimen154
\belowbottomsep=\dimen155
\aboverulesep=\dimen156
\abovetopsep=\dimen157
\cmidrulesep=\dimen158
\cmidrulekern=\dimen159
\defaultaddspace=\dimen160
\@cmidla=\count196
\@cmidlb=\count197
\@aboverulesep=\dimen161
\@belowrulesep=\dimen162
\@thisruleclass=\count198
\@lastruleclass=\count199
\@thisrulewidth=\dimen163
) (/Users/olivia/Library/TinyTeX/texmf-dist/tex/latex/float/float.sty
Package: float 2001/11/08 v1.3d Float enhancements (AL)
\c@float@type=\count266
\float@exts=\toks19
\float@box=\box51
\@float@everytoks=\toks20
\@floatcapt=\box52
) (/Users/olivia/Library/TinyTeX/texmf-dist/tex/latex/hyperref/hyperref.sty
Package: hyperref 2023-07-08 v7.01b Hypertext links for LaTeX
 (/Users/olivia/Library/TinyTeX/texmf-dist/tex/generic/ltxcmds/ltxcmds.sty
Package: ltxcmds 2020-05-10 v1.25 LaTeX kernel commands for general use (HO)
) (/Users/olivia/Library/TinyTeX/texmf-dist/tex/generic/pdftexcmds/pdftexcmds.sty
Package: pdftexcmds 2020-06-27 v0.33 Utility functions of pdfTeX for LuaTeX (HO)
 (/Users/olivia/Library/TinyTeX/texmf-dist/tex/generic/infwarerr/infwarerr.sty
Package: infwarerr 2019/12/03 v1.5 Providing info/warning/error messages (HO)
)
Package pdftexcmds Info: \pdf@primitive is available.
Package pdftexcmds Info: \pdf@ifprimitive is available.
Package pdftexcmds Info: \pdfdraftmode found.
) (/Users/olivia/Library/TinyTeX/texmf-dist/tex/latex/kvsetkeys/kvsetkeys.sty
Package: kvsetkeys 2022-10-05 v1.19 Key value parser (HO)
) (/Users/olivia/Library/TinyTeX/texmf-dist/tex/generic/kvdefinekeys/kvdefinekeys.sty
Package: kvdefinekeys 2019-12-19 v1.6 Define keys (HO)
) (/Users/olivia/Library/TinyTeX/texmf-dist/tex/generic/pdfescape/pdfescape.sty
Package: pdfescape 2019/12/09 v1.15 Implements pdfTeX's escape features (HO)
) (/Users/olivia/Library/TinyTeX/texmf-dist/tex/latex/hycolor/hycolor.sty
Package: hycolor 2020-01-27 v1.10 Color options for hyperref/bookmark (HO)
) (/Users/olivia/Library/TinyTeX/texmf-dist/tex/latex/letltxmacro/letltxmacro.sty
Package: letltxmacro 2019/12/03 v1.6 Let assignment for LaTeX macros (HO)
) (/Users/olivia/Library/TinyTeX/texmf-dist/tex/latex/auxhook/auxhook.sty
Package: auxhook 2019-12-17 v1.6 Hooks for auxiliary files (HO)
) (/Users/olivia/Library/TinyTeX/texmf-dist/tex/latex/hyperref/nameref.sty
Package: nameref 2023-08-07 v2.53 Cross-referencing by name of section
 (/Users/olivia/Library/TinyTeX/texmf-dist/tex/latex/refcount/refcount.sty
Package: refcount 2019/12/15 v3.6 Data extraction from label references (HO)
) (/Users/olivia/Library/TinyTeX/texmf-dist/tex/generic/gettitlestring/gettitlestring.sty
Package: gettitlestring 2019/12/15 v1.6 Cleanup title references (HO)
 (/Users/olivia/Library/TinyTeX/texmf-dist/tex/latex/kvoptions/kvoptions.sty
Package: kvoptions 2022-06-15 v3.15 Key value format for package options (HO)
))
\c@section@level=\count267
) (/Users/olivia/Library/TinyTeX/texmf-dist/tex/latex/etoolbox/etoolbox.sty
Package: etoolbox 2020/10/05 v2.5k e-TeX tools for LaTeX (JAW)
\etb@tempcnta=\count268
)
\@linkdim=\dimen164
\Hy@linkcounter=\count269
\Hy@pagecounter=\count270
 (/Users/olivia/Library/TinyTeX/texmf-dist/tex/latex/hyperref/pd1enc.def
File: pd1enc.def 2023-07-08 v7.01b Hyperref: PDFDocEncoding definition (HO)
Now handling font encoding PD1 ...
... no UTF-8 mapping file for font encoding PD1
) (/Users/olivia/Library/TinyTeX/texmf-dist/tex/generic/intcalc/intcalc.sty
Package: intcalc 2019/12/15 v1.3 Expandable calculations with integers (HO)
)
\Hy@SavedSpaceFactor=\count271
 (/Users/olivia/Library/TinyTeX/texmf-dist/tex/latex/hyperref/puenc.def
File: puenc.def 2023-07-08 v7.01b Hyperref: PDF Unicode definition (HO)
Now handling font encoding PU ...
... no UTF-8 mapping file for font encoding PU
)
Package hyperref Info: Option `colorlinks' set `true' on input line 4050.
Package hyperref Info: Hyper figures OFF on input line 4167.
Package hyperref Info: Link nesting OFF on input line 4172.
Package hyperref Info: Hyper index ON on input line 4175.
Package hyperref Info: Plain pages OFF on input line 4182.
Package hyperref Info: Backreferencing OFF on input line 4187.
Package hyperref Info: Implicit mode ON; LaTeX internals redefined.
Package hyperref Info: Bookmarks ON on input line 4434.
\c@Hy@tempcnt=\count272
 (/Users/olivia/Library/TinyTeX/texmf-dist/tex/latex/url/url.sty
\Urlmuskip=\muskip16
Package: url 2013/09/16  ver 3.4  Verb mode for urls, etc.
)
LaTeX Info: Redefining \url on input line 4772.
\XeTeXLinkMargin=\dimen165
 (/Users/olivia/Library/TinyTeX/texmf-dist/tex/generic/bitset/bitset.sty
Package: bitset 2019/12/09 v1.3 Handle bit-vector datatype (HO)
 (/Users/olivia/Library/TinyTeX/texmf-dist/tex/generic/bigintcalc/bigintcalc.sty
Package: bigintcalc 2019/12/15 v1.5 Expandable calculations on big integers (HO)
))
\Fld@menulength=\count273
\Field@Width=\dimen166
\Fld@charsize=\dimen167
Package hyperref Info: Hyper figures OFF on input line 6051.
Package hyperref Info: Link nesting OFF on input line 6056.
Package hyperref Info: Hyper index ON on input line 6059.
Package hyperref Info: backreferencing OFF on input line 6066.
Package hyperref Info: Link coloring ON on input line 6069.
Package hyperref Info: Link coloring with OCG OFF on input line 6076.
Package hyperref Info: PDF/A mode OFF on input line 6081.
 (/Users/olivia/Library/TinyTeX/texmf-dist/tex/latex/base/atbegshi-ltx.sty
Package: atbegshi-ltx 2021/01/10 v1.0c Emulation of the original atbegshi
package with kernel methods
)
\Hy@abspage=\count274
\c@Item=\count275
\c@Hfootnote=\count276
)
Package hyperref Info: Driver (autodetected): hpdftex.
 (/Users/olivia/Library/TinyTeX/texmf-dist/tex/latex/hyperref/hpdftex.def
File: hpdftex.def 2023-07-08 v7.01b Hyperref driver for pdfTeX
 (/Users/olivia/Library/TinyTeX/texmf-dist/tex/latex/base/atveryend-ltx.sty
Package: atveryend-ltx 2020/08/19 v1.0a Emulation of the original atveryend package
with kernel methods
)
\Fld@listcount=\count277
\c@bookmark@seq@number=\count278
 (/Users/olivia/Library/TinyTeX/texmf-dist/tex/latex/rerunfilecheck/rerunfilecheck.sty
Package: rerunfilecheck 2022-07-10 v1.10 Rerun checks for auxiliary files (HO)
 (/Users/olivia/Library/TinyTeX/texmf-dist/tex/generic/uniquecounter/uniquecounter.sty
Package: uniquecounter 2019/12/15 v1.4 Provide unlimited unique counter (HO)
)
Package uniquecounter Info: New unique counter `rerunfilecheck' on input line 285.
)
\Hy@SectionHShift=\skip50
)

! LaTeX Error: File `caption.sty' not found.

Type X to quit or <RETURN> to proceed,
or enter new name. (Default extension: sty)

Enter file name: 

! LaTeX Error: File `multirow.sty' not found.

Type X to quit or <RETURN> to proceed,
or enter new name. (Default extension: sty)

Enter file name: 
(/Users/olivia/Library/TinyTeX/texmf-dist/tex/latex/l3backend/l3backend-pdftex.def
File: l3backend-pdftex.def 2023-10-10 L3 backend support: PDF output (pdfTeX)
\l__color_backend_stack_int=\count279
\l__pdf_internal_box=\box53
) (./main.aux)
\openout1 = `main.aux'.

LaTeX Font Info:    Checking defaults for OML/cmm/m/it on input line 16.
LaTeX Font Info:    ... okay on input line 16.
LaTeX Font Info:    Checking defaults for OMS/cmsy/m/n on input line 16.
LaTeX Font Info:    ... okay on input line 16.
LaTeX Font Info:    Checking defaults for OT1/cmr/m/n on input line 16.
LaTeX Font Info:    ... okay on input line 16.
LaTeX Font Info:    Checking defaults for T1/cmr/m/n on input line 16.
LaTeX Font Info:    ... okay on input line 16.
LaTeX Font Info:    Checking defaults for TS1/cmr/m/n on input line 16.
LaTeX Font Info:    ... okay on input line 16.
LaTeX Font Info:    Checking defaults for OMX/cmex/m/n on input line 16.
LaTeX Font Info:    ... okay on input line 16.
LaTeX Font Info:    Checking defaults for U/cmr/m/n on input line 16.
LaTeX Font Info:    ... okay on input line 16.
LaTeX Font Info:    Checking defaults for PD1/pdf/m/n on input line 16.
LaTeX Font Info:    ... okay on input line 16.
LaTeX Font Info:    Checking defaults for PU/pdf/m/n on input line 16.
LaTeX Font Info:    ... okay on input line 16.

*geometry* driver: auto-detecting
*geometry* detected driver: pdftex
*geometry* verbose mode - [ preamble ] result:
* driver: pdftex
* paper: letterpaper
* layout: <same size as paper>
* layoutoffset:(h,v)=(0.0pt,0.0pt)
* modes: 
* h-part:(L,W,R)=(56.9055pt, 500.484pt, 56.9055pt)
* v-part:(T,H,B)=(42.67912pt, 709.61174pt, 42.67912pt)
* \paperwidth=614.295pt
* \paperheight=794.96999pt
* \textwidth=500.484pt
* \textheight=709.61174pt
* \oddsidemargin=-15.36449pt
* \evensidemargin=-15.36449pt
* \topmargin=-66.59087pt
* \headheight=12.0pt
* \headsep=25.0pt
* \topskip=10.0pt
* \footskip=30.0pt
* \marginparwidth=49.79231pt
* \marginparsep=11.0pt
* \columnsep=10.0pt
* \skip\footins=9.0pt plus 4.0pt minus 2.0pt
* \hoffset=0.0pt
* \voffset=0.0pt
* \mag=1000
* \@twocolumnfalse
* \@twosidefalse
* \@mparswitchfalse
* \@reversemarginfalse
* (1in=72.27pt=25.4mm, 1cm=28.453pt)

(/Users/olivia/Library/TinyTeX/texmf-dist/tex/latex/epstopdf-pkg/epstopdf-base.sty
Package: epstopdf-base 2020-01-24 v2.11 Base part for package epstopdf
Package epstopdf-base Info: Redefining graphics rule for `.eps' on input line 485.
 (/Users/olivia/Library/TinyTeX/texmf-dist/tex/latex/latexconfig/epstopdf-sys.cfg
File: epstopdf-sys.cfg 2010/07/13 v1.3 Configuration of (r)epstopdf for TeX Live
)) (/Users/olivia/Library/TinyTeX/texmf-dist/tex/latex/graphics/color.sty
Package: color 2022/01/06 v1.3d Standard LaTeX Color (DPC)
 (/Users/olivia/Library/TinyTeX/texmf-dist/tex/latex/graphics-cfg/color.cfg
File: color.cfg 2016/01/02 v1.6 sample color configuration
)
Package color Info: Driver file: pdftex.def on input line 149.
 (/Users/olivia/Library/TinyTeX/texmf-dist/tex/latex/graphics/mathcolor.ltx))
Package hyperref Info: Link coloring ON on input line 16.
 (./main.out) (./main.out)
\@outlinefile=\write3
\openout3 = `main.out'.

LaTeX Font Info:    External font `cmex10' loaded for size
(Font)              <12> on input line 18.
LaTeX Font Info:    External font `cmex10' loaded for size
(Font)              <8> on input line 18.
LaTeX Font Info:    External font `cmex10' loaded for size
(Font)              <6> on input line 18.
<figure1.png, id=56, 444.66125pt x 457.71pt>
File: figure1.png Graphic file (type png)
<use figure1.png>
Package pdftex.def Info: figure1.png  used on input line 31.
(pdftex.def)             Requested size: 200.19054pt x 206.06537pt.
LaTeX Font Info:    External font `cmex10' loaded for size
(Font)              <7> on input line 38.
LaTeX Font Info:    External font `cmex10' loaded for size
(Font)              <5> on input line 38.

! Undefined control sequence.
l.39 \text
          {Activation Rate} = k_{\text{activation}} \cdot \frac{(1 - X)}{(1 ...
? 
! Undefined control sequence.
l.39 \text{Activation Rate} = k_{\text
                                      {activation}} \cdot \frac{(1 - X)}{(1 ...
? 
! Undefined control sequence.
l.44     \item \( k_{\text
                          {activation}} \) is the rate constant for the acti...
? 
[1

{/Users/olivia/Library/TinyTeX/texmf-var/fonts/map/pdftex/updmap/pdftex.map} <./figure1.png>]
! Undefined control sequence.
l.50 \text
          {Repression Rate} = - k_{\text{repression}} \cdot \frac{X}{X + J_X...
? 
! Undefined control sequence.
l.50 \text{Repression Rate} = - k_{\text
                                        {repression}} \cdot \frac{X}{X + J_X...
? 
! Undefined control sequence.
l.55     \item \( k_{\text
                          {repression}} \) is the rate constant for the repr...
? 
! Misplaced alignment tab character &.
l.64     \item \(\frac{dA}{dt} &
                                = I \cdot k_1 \cdot \frac{(1 - A)}{(1 - A) +...
? 

Underfull \hbox (badness 10000) in paragraph at lines 64--68

 []

! Misplaced alignment tab character &.
l.72     \item \(\frac{dB}{dt} &
                                = k_2 \cdot \frac{(1 - B)}{(1 - B) + J_2} - ...
? 

Underfull \hbox (badness 10000) in paragraph at lines 72--76

 []

! Misplaced alignment tab character &.
l.80     \item \(\frac{dC}{dt} &
                                = k_3 \cdot \frac{(1 - C)}{(1 - C) + J_3} - ...
? 

Underfull \hbox (badness 10000) in paragraph at lines 80--84

 []

<figure2.png, id=77, 399.4925pt x 488.82625pt>
File: figure2.png Graphic file (type png)
<use figure2.png>
Package pdftex.def Info: figure2.png  used on input line 98.
(pdftex.def)             Requested size: 200.19054pt x 244.95702pt.
[2]
! Misplaced alignment tab character &.
l.121     \item \(\frac{dA}{dt} &
                                 = I \cdot k_1 \cdot \frac{(1 - A)}{(1 - A) ...
? 
! Misplaced alignment tab character &.
l.122     \item \(\frac{dB}{dt} &
                                 = k_2 \cdot \frac{(1 - B)}{(1 - B) + J_2} -...
? 
! Misplaced alignment tab character &.
l.123     \item \(\frac{dC}{dt} &
                                 = k_3 \cdot \frac{(1 - C)}{(1 - C) + J_3} -...
? 
<figure3.png, id=90, 452.69125pt x 457.71pt>
File: figure3.png Graphic file (type png)
<use figure3.png>
Package pdftex.def Info: figure3.png  used on input line 133.
(pdftex.def)             Requested size: 200.19054pt x 202.40572pt.
[3 <./figure2.png>]
! Misplaced alignment tab character &.
l.156     \item \(\frac{dA}{dt} &
                                 = I \cdot k_1 \cdot \frac{(1 - A)}{(1 - A) ...
? 
! Misplaced alignment tab character &.
l.157     \item \(\frac{dB}{dt} &
                                 = k_2 \cdot \frac{(1 - B)}{(1 - B) + J_2} -...
? 
! Misplaced alignment tab character &.
l.158     \item \(\frac{dC}{dt} &
                                 = k_3 \cdot \frac{(1 - C)}{(1 - C) + J_3} -...
? 
<figure4.png, id=101, 497.86pt x 461.725pt>
File: figure4.png Graphic file (type png)
<use figure4.png>
Package pdftex.def Info: figure4.png  used on input line 167.
(pdftex.def)             Requested size: 200.19054pt x 185.66603pt.
[4 <./figure3.png>]
! Misplaced alignment tab character &.
l.181     \item \(\frac{dA}{dt} &
                                 = I \cdot k_1 \cdot \frac{(1 - A)}{(1 - A) ...
? 
! Misplaced alignment tab character &.
l.182     \item \(\frac{dB}{dt} &
                                 = k_2 \cdot \frac{(1 - B)}{(1 - B) + J_2} -...
? 
! Misplaced alignment tab character &.
l.183     \item \(\frac{dC}{dt} &
                                 = k_3 \cdot \frac{(1 - C)}{(1 - C) + J_3} -...
? 
<figure5.pdf, id=112, 614.295pt x 794.97pt>
File: figure5.pdf Graphic file (type pdf)
<use figure5.pdf>
Package pdftex.def Info: figure5.pdf  used on input line 197.
(pdftex.def)             Requested size: 350.33727pt x 453.38022pt.
[5 <./figure4.png>] [6 <./figure5.pdf>]
</Users/olivia/Documents/Fall 2024/MCB 580/MCB580_Challenge3/plots/concentration_over_time_baseline.pdf, id=140, 722.7pt x 505.89pt>
File: /Users/olivia/Documents/Fall 2024/MCB 580/MCB580_Challenge3/plots/concentration_over_time_baseline.pdf Graphic file (type pdf)
<use /Users/olivia/Documents/Fall 2024/MCB 580/MCB580_Challenge3/plots/concentration_over_time_baseline.pdf>
Package pdftex.def Info: /Users/olivia/Documents/Fall 2024/MCB 580/MCB580_Challenge3/plots/concentration_over_time_baseline.pdf  used on input line 261.
(pdftex.def)             Requested size: 350.33727pt x 245.23283pt.
 [7]
</Users/olivia/Documents/Fall 2024/MCB 580/MCB580_Challenge3/plots/concentration_over_time_A_positive_new_equations.pdf, id=149, 722.7pt x 505.89pt>
File: /Users/olivia/Documents/Fall 2024/MCB 580/MCB580_Challenge3/plots/concentration_over_time_A_positive_new_equations.pdf Graphic file (type pdf)
<use /Users/olivia/Documents/Fall 2024/MCB 580/MCB580_Challenge3/plots/concentration_over_time_A_positive_new_equations.pdf>
Package pdftex.def Info: /Users/olivia/Documents/Fall 2024/MCB 580/MCB580_Challenge3/plots/concentration_over_time_A_positive_new_equations.pdf  used on input line 276.
(pdftex.def)             Requested size: 350.33727pt x 245.23283pt.

! Too many }'s.
l.283 ...alues from \( 10^{-2} \) to \( 10^{2} \)}
                                                  , and \textit{n} values of...
? 
[8 </Users/olivia/Documents/Fall 2024/MCB 580/MCB580_Challenge3/plots/concentration_over_time_baseline.pdf> </Users/olivia/Documents/Fall 2024/MCB 580/MCB580_Challenge3/plots/concentration_over_time_A_positive_new_equations.pdf>]
<figure8.pdf, id=215, 614.295pt x 794.97pt>
File: figure8.pdf Graphic file (type pdf)
<use figure8.pdf>
Package pdftex.def Info: figure8.pdf  used on input line 289.
(pdftex.def)             Requested size: 350.33727pt x 453.38022pt.
 [9 <./figure8.pdf>]
</Users/olivia/Documents/Fall 2024/MCB 580/MCB580_Challenge3/plots/concentration_over_time_A_B_positive_new_equations.pdf, id=234, 722.7pt x 505.89pt>
File: /Users/olivia/Documents/Fall 2024/MCB 580/MCB580_Challenge3/plots/concentration_over_time_A_B_positive_new_equations.pdf Graphic file (type pdf)
<use /Users/olivia/Documents/Fall 2024/MCB 580/MCB580_Challenge3/plots/concentration_over_time_A_B_positive_new_equations.pdf>
Package pdftex.def Info: /Users/olivia/Documents/Fall 2024/MCB 580/MCB580_Challenge3/plots/concentration_over_time_A_B_positive_new_equations.pdf  used on input line 361.
(pdftex.def)             Requested size: 350.33727pt x 245.23283pt.
 [10]
<figure10.pdf, id=241, 614.295pt x 794.97pt>
File: figure10.pdf Graphic file (type pdf)
<use figure10.pdf>
Package pdftex.def Info: figure10.pdf  used on input line 374.
(pdftex.def)             Requested size: 350.33727pt x 453.38022pt.
 [11 </Users/olivia/Documents/Fall 2024/MCB 580/MCB580_Challenge3/plots/concentration_over_time_A_B_positive_new_equations.pdf>] [12 <./figure10.pdf>]
</Users/olivia/Documents/Fall 2024/MCB 580/MCB580_Challenge3/plots/concentration_over_time_A_B_C_positive_new_equations.pdf, id=294, 722.7pt x 505.89pt>
File: /Users/olivia/Documents/Fall 2024/MCB 580/MCB580_Challenge3/plots/concentration_over_time_A_B_C_positive_new_equations.pdf Graphic file (type pdf)
<use /Users/olivia/Documents/Fall 2024/MCB 580/MCB580_Challenge3/plots/concentration_over_time_A_B_C_positive_new_equations.pdf>
Package pdftex.def Info: /Users/olivia/Documents/Fall 2024/MCB 580/MCB580_Challenge3/plots/concentration_over_time_A_B_C_positive_new_equations.pdf  used on input line 444.
(pdftex.def)             Requested size: 350.33727pt x 245.23283pt.
 [13]
<figure12.pdf, id=302, 614.295pt x 794.97pt>
File: figure12.pdf Graphic file (type pdf)
<use figure12.pdf>
Package pdftex.def Info: figure12.pdf  used on input line 457.
(pdftex.def)             Requested size: 350.33727pt x 453.38022pt.
 [14 </Users/olivia/Documents/Fall 2024/MCB 580/MCB580_Challenge3/plots/concentration_over_time_A_B_C_positive_new_equations.pdf>]
Overfull \hbox (10.08615pt too wide) in paragraph at lines 466--487
 [][] 
 []

[15 <./figure12.pdf>] [16]
! Misplaced alignment tab character &.
l.533 Rombouts, J., Verplaetse, S., &
                                      Lendert Gelens. (2023). The ups and do...
? 
! Misplaced alignment tab character &.
l.536 Elowitz, M. B., &
                        Leibler, S. (2000). A synthetic oscillatory network ...
? 
! Misplaced alignment tab character &.
l.539 Li, Z., &
                Yang, Q. (2017). Systems and synthetic biology approaches in...
? 
[17] (./main.aux)
 ***********
LaTeX2e <2023-06-01> patch level 1
L3 programming layer <2023-10-10>
 ***********
Package rerunfilecheck Info: File `main.out' has not changed.
(rerunfilecheck)             Checksum: F8B897EA2DC4A7436409FF9DD3507B3A;2684.
 ) 
Here is how much of TeX's memory you used:
 8940 strings out of 476464
 143623 string characters out of 5801127
 1952040 words of memory out of 5000000
 30501 multiletter control sequences out of 15000+600000
 564127 words of font info for 54 fonts, out of 8000000 for 9000
 14 hyphenation exceptions out of 8191
 75i,8n,79p,2554b,495s stack positions out of 10000i,1000n,20000p,200000b,200000s
 </Users/olivia/Library/TinyTeX/texmf-var/fonts/pk/ljfour/jknappen/ec/ecrm1000.600pk> </Users/olivia/Library/TinyTeX/texmf-var/fonts/pk/ljfour/jknappen/ec/tcrm1000.600pk></Users/olivia/Library/TinyTeX/texmf-dist/fonts/type1/public/amsfonts/cm/cmbx10.pfb></Users/olivia/Library/TinyTeX/texmf-dist/fonts/type1/public/amsfonts/cm/cmbx12.pfb></Users/olivia/Library/TinyTeX/texmf-dist/fonts/type1/public/amsfonts/cm/cmbxti10.pfb></Users/olivia/Library/TinyTeX/texmf-dist/fonts/type1/public/amsfonts/cm/cmmi10.pfb></Users/olivia/Library/TinyTeX/texmf-dist/fonts/type1/public/amsfonts/cm/cmmi5.pfb></Users/olivia/Library/TinyTeX/texmf-dist/fonts/type1/public/amsfonts/cm/cmmi7.pfb></Users/olivia/Library/TinyTeX/texmf-dist/fonts/type1/public/amsfonts/cm/cmr10.pfb></Users/olivia/Library/TinyTeX/texmf-dist/fonts/type1/public/amsfonts/cm/cmr12.pfb></Users/olivia/Library/TinyTeX/texmf-dist/fonts/type1/public/amsfonts/cm/cmr17.pfb></Users/olivia/Library/TinyTeX/texmf-dist/fonts/type1/public/amsfonts/cm/cmr5.pfb></Users/olivia/Library/TinyTeX/texmf-dist/fonts/type1/public/amsfonts/cm/cmr7.pfb></Users/olivia/Library/TinyTeX/texmf-dist/fonts/type1/public/amsfonts/cm/cmsy10.pfb></Users/olivia/Library/TinyTeX/texmf-dist/fonts/type1/public/amsfonts/cm/cmsy7.pfb></Users/olivia/Library/TinyTeX/texmf-dist/fonts/type1/public/amsfonts/cm/cmti10.pfb>
Output written on main.pdf (17 pages, 1851665 bytes).
PDF statistics:
 454 PDF objects out of 1000 (max. 8388607)
 273 compressed objects within 3 object streams
 66 named destinations out of 1000 (max. 500000)
 157 words of extra memory for PDF output out of 10000 (max. 10000000)

